Case #1: 
212
111
212

222
222
222

Yes
Case #2: 
22222
21112
21212
21112
22222

No
Case #3: 
222
112
122
212
112

222
212
122
212
112

No
Case #4: 
211112
211112
211112
211112
211112
211112
111111
111111
211112
211112

211112
211112
211112
211112
211112
211112
211111
111111
211112
211112

No
Case #5: 
222221
112221

222221
222221

No
Case #6: 
111
122
222
111
222
111
111
222

211
222
222
111
222
111
111
222

No
Case #7: 
2221
2212
2111
1111

2221
2212
2111
2211

No
Case #8: 
122111121
111122112
212222121
221221212
222121222

222111121
211122112
212222121
221221212
222121222

No
Case #9: 
122212
222211
221221
221211
211212
222222
121211
222122
121222
122222

222212
222211
221221
221211
211212
222222
121211
222122
121222
122222

222212
222211
221221
221211
211212
222222
221211
222122
121222
122222

222212
222211
221221
221211
211212
222222
221211
222122
221222
122222

No
Case #10: 
2
2

No
Case #11: 
111
111
111
111
111
111
111
111

No
Case #12: 
2222222222
2221222222
2222222222
2222222222
1222221222
1222222222
2222222222
2222222222
2222222222
2222222221

2222222222
2221222222
2222222222
2222222222
2222221222
1222222222
2222222222
2222222222
2222222222
2222222221

No
Case #13: 
122
111
122
111
122
122
122
111
111

222
211
222
211
222
222
222
211
221

No
Case #14: 
22222222
22222122

22222222
22222222

Yes
Case #15: 
11111

Yes
Case #16: 
222222
222222
222222
222222
222222
222222
222222
222222
222222
221222

222222
222222
222222
222222
222222
222222
222222
222222
222222
222222

Yes
Case #17: 
222
222
221
222
221
121
122

222
222
221
222
221
221
122

No
Case #18: 
2222222222
2222222222
2222222222
2222222222
2222221222
2222222222
2222222222
2222222222
2222222222
2222222222

No
Case #19: 
1

No
Case #20: 
11112
12211
11111
12112
11122

22222
22221
21121
22122
22222

No
Case #21: 
2222222222
2222222222
2222222222
2222222222
2222222222
2222222222
2222222222
2222122222
2222222212
2222222222

No
Case #22: 
222122222
222222222
222222222
222222222
222222222
222222222
222222222

222222222
222222222
222222222
222222222
222222222
222222222
222222222

Yes
Case #23: 
22222222
22222222
22222222
22222222
22222212
22222222
22222222
22222222
22222222

No
Case #24: 
2222
2222
2221
2222

2222
2222
2222
2222

Yes
Case #25: 
2222222
2222222
2222222
2222222
2222122

2222222
2222222
2222222
2222222
2222222

Yes
Case #26: 
22112
22122
22222
22222
22222
22212
22212
22222
22222

22212
22222
22222
22222
22222
22212
22212
22222
22222

No
Case #27: 
22222
22222
22212
22222
22222

No
Case #28: 
2222
2212
2222
2222

No
Case #29: 
1111111111
1111111111
1111111111
1111111111
1111111111
1111111111
1111111111
1111111111
1111111111
1111111111

No
Case #30: 
21112221
11211122
11121212

21112221
21211122
11121212

No
Case #31: 
211211222
111112122
112211122
111222122
122122222
212121221
212121122
121112112

211211222
211112122
112211122
111222122
122122222
212121221
212121122
121112112

No
Case #32: 
1
1
1
1
1

No
Case #33: 
22222
22222
22222
22222
22222
22222
21222
22222
22222

No
Case #34: 
222
222
222
222
222
222
222
212
222

No
Case #35: 
22221
22211
21112
11121
22122
21211
21111

22221
22211
21112
22121
22122
21211
21111

No
Case #36: 
2112121221
2112121221
1111111111
2112121221
2112121221
2112121221
1111111111
1111111111
1111111111
1111111111

2212121221
2212121221
2211111111
2212121221
2212121221
2212121221
1211111111
1211111111
1211111111
2211111111

No
Case #37: 
12
12
21
22
12
21

22
22
21
22
12
21

No
Case #38: 
1111111111
1111111111
1111111111
1111111111
1111111111
1111211111
1111111111
1111111111
1111111111
1111111111

No
Case #39: 
1111111111
1111111111
1111111111
2222121212
1111111111
1111111111
2222121212
2222121212
1111111111
2222121212

2111111111
2111111111
2111111111
2222121212
1111111111
1111111111
2222121212
2222121212
1111111111
2222121212

No
Case #40: 
21112
21112
11111
21112
11111

22212
22212
22211
22212
22211

No
Case #41: 
1221
1111
1221
1221

2222
2222
2222
2222

Yes
Case #42: 
121
212
111
121
211
212

221
212
111
121
211
212

221
212
211
121
211
212

No
Case #43: 
2112221221
1111111111
2112221221
1111111111
1111111111
2112221221
1111111111
2112221221
2112221221
2112221221

2212221221
2211111111
2212221221
1211111111
1211111111
2212221221
1211111111
2212221221
2212221221
2212221221

No
Case #44: 
221111112
222111112
111111111
111111111
222111112
111111111
111111111
222111112

221111112
222111112
211111111
111111111
222111112
111111111
111111111
222111112

No
Case #45: 
211121122
212112212
112211111

221121122
222112212
222211111

No
Case #46: 
221222212
212212221
222222122
221111121
212212221
222212122
222222222

221222212
212212222
222222122
221111121
212212221
222212122
222222222

221222212
212212222
222222122
221111122
212212221
222212122
222222222

No
Case #47: 
111

No
Case #48: 
221221121
222222222
222212222
222222222
212221222
222222222
222222222
222222222

221221122
222222222
222212222
222222222
212221222
222222222
222222222
222222222

222221122
222222222
222212222
222222222
212221222
222222222
222222222
222222222

222222122
222222222
222212222
222222222
212221222
222222222
222222222
222222222

No
Case #49: 
2212221
2112122
1111221
2222212
1211221
1112221
2112211
1122121
2122121

2212221
2112122
2211221
2222212
1211221
1112221
2112211
1122121
2122121

No
Case #50: 
22121
12222
21221
22121
12212

22121
22222
21221
22121
12212

22121
22222
21221
22121
22212

22122
22222
21221
22121
22212

22122
22222
21222
22121
22212

No
Case #51: 
1222111111
1212221212
2112112112
1111111212
1121212212
1121222111
1121111111
2221222212
1222122221
1222222122

2222111111
2212221212
2112112112
1111111212
1121212212
1121222111
1121111111
2221222212
1222122221
1222222122

No
Case #52: 
222
222
222
222
122
222
222

222
222
222
222
222
222
222

Yes
Case #53: 
1111111111
1111111111
1111111111
1111111111
1111211111
1111111111
1111111111
1111111112
1111111111
1111111111

2222211111
2222211111
2222211111
2222211111
2222211111
2222111111
2222111111
2222111112
2222211111
2222111111

No
Case #54: 
221222
222222
222222

222222
222222
222222

Yes
Case #55: 
11111
11111
22111
11111
11111
22111
22111
22111
22111

21111
21111
22111
11111
11111
22111
22111
22111
22111

No
Case #56: 
11

No
Case #57: 
21121121
22211112
12211222
22221222
11212222
12121111
21222112
11111222
11212111

21121121
22211112
22211222
22221222
11212222
12121111
21222112
11111222
11212111

21121121
22211112
22211222
22221222
21212222
12121111
21222112
11111222
11212111

No
Case #58: 
2221111112
1221221212
2111112111
1212211112
1111122111
2222111222
1111112212
2211112112
2121111221
1112122212

2221111112
2221221212
2111112111
1212211112
1111122111
2222111222
1111112212
2211112112
2121111221
1112122212

2221111112
2221221212
2111112111
2212211112
1111122111
2222111222
1111112212
2211112112
2121111221
1112122212

No
Case #59: 
1121111111
1111111111
1111111111
1111111111
1111111111
1111111111
1111111111
1111111111
1111111111
1111111111

2221111111
2211111111
2211111111
2211111111
2211111111
2211111111
2211111111
2211111111
2221111111
2211111111

No
Case #60: 
221
212
222
212
212
112
221
222

221
212
222
212
212
222
221
222

No
Case #61: 
2111
2122
1222
2222

2111
2122
2222
2222

2112
2122
2222
2222

No
Case #62: 
222
122
222
222
222

222
222
222
222
222

Yes
Case #63: 
1111
2112
2112
1111

2221
2222
2222
2221

No
Case #64: 
222222
222222
212221

222222
222222
212222

222222
222222
222222

Yes
Case #65: 
111111111
111111111
111111111
111111111
111111111
111111111
121122221

221111111
221111111
221111111
221111111
221111111
221111111
221122221

No
Case #66: 
2222222222
2222222222
2222222221
2222222222
2222222222
2222122222
2222222222
2222222222
2222222222
2222222222

2222222222
2222222222
2222222222
2222222222
2222222222
2222122222
2222222222
2222222222
2222222222
2222222222

No
Case #67: 
1111111111
1111111111
1111111111
1111111111
1111111111
1111111111
1111111111
1112111111
1111111111
1111111211

2222111111
2222111111
2222111111
2222111111
2222111111
2222111111
2222111111
2222111111
2221111111
2222111211

No
Case #68: 
12
12
12
11
12
12

22
22
22
22
22
22

Yes
Case #69: 
222
212
222
222

No
Case #70: 
2112211
1111112
2221221

2212211
2211112
2221221

No
Case #71: 
1
1
2

2
2
2

No
Case #72: 
1
1
1
1

No
Case #73: 
2222222222
2212222222
2222222222
2222222222
2222222222
2222222222
2222222222
2222222222
2222222222
2222222222

No
Case #74: 
222
212
222
222
222
222
222
222
222

No
Case #75: 
111
121
121
121
121
111
111

No
Case #76: 
21122222
22121211
21221112
21112122
22211221
11122122
21122211
11121122
11211121

22122222
22121211
21221112
21112122
22211221
22122122
21122211
11121122
11211121

No
Case #77: 
21222222
22222222

22222222
22222222

Yes
Case #78: 
11111111
11111111
11111111
11111111
11111111
11111111
11111111
11111111
11111111

Yes
Case #79: 
111
111
111
111

Yes
Case #80: 
22
22
12
22
21
22
22
12

22
22
22
22
21
22
22
12

22
22
22
22
21
22
22
22

22
22
22
22
22
22
22
22

Yes
Case #81: 
2222222212
2222222221
2212222222
2222222122
2122222222
2222212222
2222222122
2222222122
2222222222
2222122221

2222222212
2222222222
2212222222
2222222122
2122222222
2222212222
2222222122
2222222122
2222222222
2222122221

2222222212
2222222222
2212222222
2222222122
2122222222
2222212222
2222222122
2222222122
2222222222
2222122222

2222222222
2222222222
2212222222
2222222122
2122222222
2222212222
2222222122
2222222122
2222222222
2222122222

2222222222
2222222222
2212222222
2222222122
2122222222
2222212222
2222222122
2222222122
2222222222
2222222222

No
Case #82: 
1112221
2112112
2112111
2211222
2122221

2212221
2212112
2212111
2211222
2122221

No
Case #83: 
111111
121212
121212

222222
222222
222222

Yes
Case #84: 
2122222222
2222222222
2222222222
2222222222
2222222222
2222222222
2222222222
2222222222
2222222222
2222222222

2222222222
2222222222
2222222222
2222222222
2222222222
2222222222
2222222222
2222222222
2222222222
2222222222

Yes
Case #85: 
1111111
1111111
1122112
1111111
1122112

2211211
2211211
2222212
2222211
2222212

No
Case #86: 
2

No
Case #87: 
2222
2222
2212
2222

No
Case #88: 
111
111
111
111
112

222
222
222
222
222

No
Case #89: 
11

No
Case #90: 
22
22
12
22
22
22

22
22
22
22
22
22

Yes
Case #91: 
2222222222
2222222222
2222222222
2222222222
2222222222
2222222222
2222222222
2222222222
2222222222
2222221222

2222222222
2222222222
2222222222
2222222222
2222222222
2222222222
2222222222
2222222222
2222222222
2222222222

Yes
Case #92: 
2212
2222
1122
1221

2212
2222
2122
1221

No
Case #93: 
2121211212
2221111211
1122212112
1221212111
2221211112
1221122111
1122121121
2221122122
1111211112
1112121121

2121211212
2221111211
2122212112
1221212111
2221211112
1221122111
1122121121
2221122122
1111211112
1112121121

No
Case #94: 
111111111
111111111
111111111
111111111
111111111
122121121
122121121
111111111

No
Case #95: 
11221
22222
22121

22221
22222
22121

No
Case #96: 
11111111
22221211

22222221
22222221

No
Case #97: 
1221121212
2222222222
2121122212
1211111122
2212211222
2211111212

2221121212
2222222222
2121122212
1211111122
2212211222
2211111212

2221121212
2222222222
2121122212
2211111122
2212211222
2211111212

2222121212
2222222222
2121122212
2211111122
2212211222
2211111212

No
Case #98: 
2112

2212

No
Case #99: 
1
1

No
Case #100: 
212
112
212
221

222
222
222
221

No
