Case #1: 100111 3
4
Case #2: 11100111 3
11
Case #3: 111 2
3
Case #4: 110110 2
11
Case #5: 11001100110100001110001000110101001110101101100001001000011001101100111011101111111011001001 5
945
Case #6: 00000000000000000000001111111111110000000000000000000000000000000000000000000000000000000000000000001 49
0
Case #7: 00000000000000000000000000000000000001111111100000000000000000000000000000000000000000000000000000001 49
0
Case #8: 00100000111011001101010000011111000000001101101011010001100011011 3
1248
Case #9: 1001111110001000010010100001001001101010010010011001111111000000110000001001010010101001001001 3
2616
Case #10: 0010111010011101100010011001111110101101110000000000101001100011010000111110110000010110010110001 5
2879
Case #11: 00101001010100011100100000010100010101000010100010110110011010011101011011001010001010110011000 3
2688
Case #12: 011011001110100100111111000100100011111101111111100010 2
1301
Case #13: 010000101011111111010110011101011011000011100000001010111010111010000001110000000100111110111011 4
1873
Case #14: 00000000000000000000000000000000000000000000000000000000000000000000000000000011111000000000000000001 49
0
Case #15: 10110000011111100000101111111010001010111000111011001 2
1244
Case #16: 00010000011100110110001100101110011000001111100101 3
879
Case #17: 010000101010000111001000000000001100110101101111101000000100110000010000110 4
1287
Case #18: 01011000000101100100110000001001100011011110000000110110110000111000101010011101110 3
2225
Case #19: 00111100100111100110110101111001110000000011000011001001110011000001101110110111000100 5
0
Case #20: 0101000100110011001111000111100010110110100101011101011100000001111100000011100010101110110000 4
2940
Case #21: 11111111111111111111111111111111111111111111111111111111111111111111111111111111111111111111111111111 49
0
Case #22: 011000011010011010010110100101101001100011011110001010000110 3
674
Case #23: 11101111111111110111111111111111111111111111011111111011111101111111101111011111111111111011101111111 49
0
Case #24: 011110101000001111000110110010001111101001001010110 3
917
Case #25: 0011001110010100001111101010010000100011111101100111 3
1007
Case #26: 100110100111000000010100101100101110001010100100101111100010100010 3
1563
Case #27: 00000000000000000000000000000000000000000000000000000000000000000000000000000000000000000000000000001 49
0
Case #28: 11010011010101001000000111001100011010001010100000000010000111100101101101111101001011011100010001101 49
0
Case #29: 001011111111011011010001001110010110001101100010111101001110001011 3
1654
Case #30: 00000000111111111111111111111111111111111100000000000000000000000000000000000000000000000000000000001 49
0
Case #31: 01001110010010001000111111011011011101100001000100101110011110110000101 4
1486
Case #32: 00000000000000000000000000000000000000000000000000111111111111111111111111111111111100000000000000001 49
0
Case #33: 0 1
0
Case #34: 11111111111011111111111111111111010110011111111110110111101111111111110111111111101111111111111111111 49
0
Case #35: 00000000000000000000000000000001111111111111111111111111111111100000000000000000000000000000000000001 49
0
Case #36: 1000101010001000001000110111110010000100110011011011000001111110011001000101010111010010101000101 3
3509
Case #37: 11111101111111111111101111110111111111111111111111110011100111111111101101111111111111111111111111111 49
0
Case #38: 10101111110110001011001101101000011010101011011110000010101001111 5
341
Case #39: 00011100100100000010001010111011011111100110010001101000010011110001001011010000110011100100011000001 49
0
Case #40: 1100100000010111111101111110001101010000101110001101010010010010 3
1513
Case #41: 11011011100001011101000011111010101100011111011101001 3
1134
Case #42: 01011101010001101010101000100000101110011111001111101000010010100011001110111000110110 5
1972
Case #43: 00110110000100011000010110101001111100110001000000001000111011 3
1075
Case #44: 11000000010111101100011111011011111110101010100000 4
898
Case #45: 0000101110011001010010001001000000101010001101001000010110110 2
1256
Case #46: 00000000000000000000000000000000000000000001111111110000000000000000000000000000000000000000000000001 49
0
Case #47: 00111000000111111101011001011110101001111100010100111010 3
1283
Case #48: 11111111111111111111111111111111111111111111111111111111111111111111111111111111111111111111111111111 49
1431
Case #49: 11011000001011001001100010110000001111110011111001010001010110 3
1105
Case #50: 1001100100011101011100000111101000100110010100001010000011101111101100000010011110110111010 5
1647
Case #51: 00010101001001011101000010110111110110011111010000101100011000 2
1653
Case #52: 00000000000000000000000000000000000000000000000000000000000000000000000000000000000001111111111000001 49
0
Case #53: 1111011001101001011010000011101010001101011100001110010000010101001111111001011000000 4
1180
Case #54: 010101011011011111001001000001100100000001100111011000100010100 2
1688
Case #55: 1 1
1
Case #56: 0111101011001010001110010011000011100111010111111011110101001110 5
764
Case #57: 1111100011100010101101101011111010100001101000001111001000100001101101111010110001111 4
2617
Case #58: 0110111111010110000111101000000011100001100101001010 2
1161
Case #59: 110011001001111100101111011011100011111010001111101010001100001000111100100011101 3
2780
Case #60: 101000000010101001001011101101110010001000110000101000111 4
0
Case #61: 1100010101110000111101100001011011011001010000011101001101000001110011110110110 4
1436
Case #62: 11111111111111111111111111111111111111111101110111111111011110111110111110111001011011111111111111111 49
0
Case #63: 1101000011000000111011110101100110010000000000010101110110 2
1384
Case #64: 0110110110110011010011001011011001000111100001101100011110010000100111111111101010011100000 4
2897
Case #65: 00000000000000000000000000111111111111111111111100000000000000000000000000000000000000000000000000001 49
0
Case #66: 10011010000001101010011100110111010101100000100000101010001 4
0
Case #67: 01011110101110110111111111111111111111111111111111111110110111111111111101111111111111011111111111111 49
0
Case #68: 00010100001111110011001010010110110000000101010010100 4
517
Case #69: 11111111101111111111011111111111111100111111111101111111111111111100111111101111111111111110101111111 49
0
Case #70: 00000000000000000011111111111111111111111111111111111111111111111000000000000000000000000000000000001 49
0
Case #71: 101101011100011110011101011000011101000111100011011001100000001111011100010011 4
2103
Case #72: 11111111111111111011110111101111111111111111111111111101111111001110111110111111111111111111111101101 49
0
Case #73: 10010000001111110001010000110011010101101010100110111111101 3
929
Case #74: 0000110000101001010001011100110110001001100000001000101011110100100111001001 3
1905
Case #75: 11111111111111111111111111111111111111111111111111111111111111111111111111111111111111111111111111111 49
1431
Case #76: 110001100001100001111011100000111110000100010100011010100110101000000 4
1385
Case #77: 111100000100101010111001101001110000010001111011100011101011100111110000110011100001101000101110011 3
4265
Case #78: 110000100001010001100101110111000100101101100100111111000101001110100000110000011 3
2477
Case #79: 1111010100111101100111001111011101000011100010010000 2
1186
Case #80: 00000000000000000000000000000000000000000000000000000011111100000000000000000000000000000000000000001 49
0
Case #81: 100000001010100101100101001010010010111010101111101101001101110111000111101010100010110111000001 4
2829
Case #82: 10111110110111010101011010011011 1
516
Case #83: 00110111111110000011001100101111110100001110010011111101111101010110110011110111110000 3
3211
Case #84: 100111110001001010001101000011001010100100011010000011111010110011000000 3
1278
Case #85: 10011100101001111111000000011101000111001101010000100101010100000101001110001100110111010 5
1149
Case #86: 1101100011001111100101111111000110100101101010110100010011111100110 4
1463
Case #87: 0110000100001010001111110100010010110110110111111010000000001110100111000011011110010 3
2917
Case #88: 0111010111111110011000111011001010011010000111110010101001111 2
1681
Case #89: 00000000000000000000000000000011111111111111111111111111111111111111111111100000000000000000000000001 49
0
Case #90: 1001100101011010011000010101011111011001100001001111010010111001100000010010001110 3
2442
Case #91: 100001011001101010100000001000000000111110010110000000110011011111110100 4
1463
Case #92: 11101000001001110001001000000111001000010010101000110011011010110110101 5
0
Case #93: 1000011010010100010010101010011111110010111111110110010110111010101 3
1590
Case #94: 00000 1
0
Case #95: 101000110111101000110110011001011111101100110010001110110000101 3
1461
Case #96: 11111111011111111111111111110111111101111111101011111111111111101111111111101111101110111101111111111 49
0
Case #97: 00000010110011100100111111110110111110101110000010111000110001010100010 4
1513
Case #98: 000010101011101100110011111110011010010010100111100 4
730
Case #99: 01010110011011001000101110101011111000001110111011000111100001 2
1749
Case #100: 00000001111111111111111000000000000000000000000000000000000000000000000000000000000000000000000000001 49
0
